

Microchip Technology PIC LITE Macro Assembler V1.34 build -361300703 
                                                                                               Sat Jul 30 22:09:46 2016

Microchip Technology Omniscient Code Generator (Lite mode) build 201502162209
     1                           	processor	16F877A
     2                           	opt	pw 120
     3                           	opt	lm
     4                           	psect	idataBANK0,global,class=CODE,delta=2
     5                           	psect	cinit,global,class=CODE,merge=1,delta=2
     6                           	psect	dataBANK0,global,class=BANK0,space=1,delta=1
     7                           	psect	inittext,global,class=CODE,delta=2
     8                           	psect	cstackCOMMON,global,class=COMMON,space=1,delta=1
     9                           	psect	maintext,global,class=CODE,split=1,delta=2
    10                           	dabs	1,0x7E,2
    11  0000                     	;# 
    12  0001                     	;# 
    13  0002                     	;# 
    14  0003                     	;# 
    15  0004                     	;# 
    16  0005                     	;# 
    17  0006                     	;# 
    18  0007                     	;# 
    19  0008                     	;# 
    20  0009                     	;# 
    21  000A                     	;# 
    22  000B                     	;# 
    23  000C                     	;# 
    24  000D                     	;# 
    25  000E                     	;# 
    26  000E                     	;# 
    27  000F                     	;# 
    28  0010                     	;# 
    29  0011                     	;# 
    30  0012                     	;# 
    31  0013                     	;# 
    32  0014                     	;# 
    33  0015                     	;# 
    34  0015                     	;# 
    35  0016                     	;# 
    36  0017                     	;# 
    37  0018                     	;# 
    38  0019                     	;# 
    39  001A                     	;# 
    40  001B                     	;# 
    41  001B                     	;# 
    42  001C                     	;# 
    43  001D                     	;# 
    44  001E                     	;# 
    45  001F                     	;# 
    46  0081                     	;# 
    47  0085                     	;# 
    48  0086                     	;# 
    49  0087                     	;# 
    50  0088                     	;# 
    51  0089                     	;# 
    52  008C                     	;# 
    53  008D                     	;# 
    54  008E                     	;# 
    55  0091                     	;# 
    56  0092                     	;# 
    57  0093                     	;# 
    58  0094                     	;# 
    59  0098                     	;# 
    60  0099                     	;# 
    61  009C                     	;# 
    62  009D                     	;# 
    63  009E                     	;# 
    64  009F                     	;# 
    65  010C                     	;# 
    66  010D                     	;# 
    67  010E                     	;# 
    68  010F                     	;# 
    69  018C                     	;# 
    70  018D                     	;# 
    71                           
    72                           	psect	idataBANK0
    73  079B                     __pidataBANK0:	
    74                           
    75                           ;initializer for _anodeNumbers
    76  079B  34C0               	retlw	192
    77  079C  34F9               	retlw	249
    78  079D  34A4               	retlw	164
    79  079E  34B0               	retlw	176
    80  079F  3499               	retlw	153
    81  07A0  3492               	retlw	146
    82  07A1  3482               	retlw	130
    83  07A2  34F8               	retlw	248
    84  07A3  3480               	retlw	128
    85  07A4  3490               	retlw	144
    86                           
    87                           ;initializer for _cathodeNumbers
    88  07A5  343F               	retlw	63
    89  07A6  3406               	retlw	6
    90  07A7  345B               	retlw	91
    91  07A8  344F               	retlw	79
    92  07A9  3466               	retlw	102
    93  07AA  346D               	retlw	109
    94  07AB  347D               	retlw	125
    95  07AC  3407               	retlw	7
    96  07AD  347F               	retlw	127
    97  07AE  346F               	retlw	111
    98  0006                     _PORTB	set	6
    99  0007                     _PORTC	set	7
   100  0008                     _PORTD	set	8
   101  0086                     _TRISB	set	134
   102  0087                     _TRISC	set	135
   103  0088                     _TRISD	set	136
   104                           
   105                           ; #config settings
   106  0000                     
   107                           	psect	cinit
   108  07F1                     start_initialization:	
   109  07F1                     __initialization:	
   110                           
   111                           ; Initialize objects allocated to BANK0
   112  07F1  3034               	movlw	low (__pdataBANK0+20)
   113  07F2  00FD               	movwf	btemp+-1
   114  07F3  3007               	movlw	high __pidataBANK0
   115  07F4  00FE               	movwf	btemp
   116  07F5  309B               	movlw	low __pidataBANK0
   117  07F6  00FF               	movwf	btemp+1
   118  07F7  3020               	movlw	low __pdataBANK0
   119  07F8  0084               	movwf	4
   120  07F9  120A  118A  278E   	fcall	init_ram0
   121  07FC                     end_of_initialization:	
   122                           ;End of C runtime variable initialization code
   123                           
   124  07FC                     __end_of__initialization:	
   125  07FC  0183               	clrf	3
   126  07FD  120A  118A  2FAF   	ljmp	_main	;jump to C main() function
   127                           
   128                           	psect	dataBANK0
   129  0020                     __pdataBANK0:	
   130  0020                     _anodeNumbers:	
   131  0020                     	ds	10
   132  002A                     _cathodeNumbers:	
   133  002A                     	ds	10
   134                           
   135                           	psect	inittext
   136  078A                     init_fetch0:	
   137                           ;	Called with low address in FSR and high address in W
   138                           
   139  078A  087E               	movf	126,w
   140  078B  008A               	movwf	10
   141  078C  087F               	movf	127,w
   142  078D  0082               	movwf	2
   143  078E                     init_ram0:	
   144                           ;Called with:
   145                           ;	high address of idata address in btemp 
   146                           ;	low address of idata address in btemp+1 
   147                           ;	low address of data in FSR
   148                           ;	high address + 1 of data in btemp-1
   149                           
   150  078E  278A  120A  118A   	fcall	init_fetch0
   151  0791  0080               	movwf	0
   152  0792  0A84               	incf	4,f
   153  0793  0804               	movf	4,w
   154  0794  067D               	xorwf	125,w
   155  0795  1903               	btfsc	3,2
   156  0796  3400               	retlw	0
   157  0797  0AFF               	incf	127,f
   158  0798  1903               	btfsc	3,2
   159  0799  0AFE               	incf	126,f
   160  079A  2F8E               	goto	init_ram0
   161                           
   162                           	psect	cstackCOMMON
   163  0070                     __pcstackCOMMON:	
   164  0070                     ?_main:	
   165  0070                     main@argc:	
   166                           ; 2 bytes @ 0x0
   167                           
   168                           
   169                           ; 2 bytes @ 0x0
   170  0070                     	ds	2
   171  0072                     main@argv:	
   172                           
   173                           ; 2 bytes @ 0x2
   174  0072                     	ds	2
   175  0074                     ??_main:	
   176                           
   177                           ; 0 bytes @ 0x4
   178  0074                     	ds	3
   179  0077                     main@displayCounter:	
   180                           
   181                           ; 1 bytes @ 0x7
   182  0077                     	ds	1
   183                           
   184                           	psect	maintext
   185  07AF                     __pmaintext:	
   186 ;;
   187 ;;Main: autosize = 0, tempsize = 3, incstack = 0, save=0
   188 ;;
   189 ;; *************** function _main *****************
   190 ;; Defined at:
   191 ;;		line 57 in file "main.c"
   192 ;; Parameters:    Size  Location     Type
   193 ;;  argc            2    0[COMMON] int 
   194 ;;  argv            2    2[COMMON] PTR PTR unsigned char 
   195 ;; Auto vars:     Size  Location     Type
   196 ;;  displayCount    1    7[COMMON] unsigned char 
   197 ;; Return value:  Size  Location     Type
   198 ;;                  2    0[COMMON] int 
   199 ;; Registers used:
   200 ;;		wreg, fsr0l, fsr0h, status,2, status,0
   201 ;; Tracked objects:
   202 ;;		On entry : B00/0
   203 ;;		On exit  : 0/0
   204 ;;		Unchanged: 0/0
   205 ;; Data sizes:     COMMON   BANK0   BANK1   BANK3   BANK2
   206 ;;      Params:         4       0       0       0       0
   207 ;;      Locals:         1       0       0       0       0
   208 ;;      Temps:          3       0       0       0       0
   209 ;;      Totals:         8       0       0       0       0
   210 ;;Total ram usage:        8 bytes
   211 ;; This function calls:
   212 ;;		Nothing
   213 ;; This function is called by:
   214 ;;		Startup code after reset
   215 ;; This function uses a non-reentrant model
   216 ;;
   217                           
   218                           
   219                           ;psect for function _main
   220  07AF                     _main:	
   221                           
   222                           ;main.c: 59: unsigned char displayCounter = Zero;
   223                           
   224                           ;incstack = 0
   225                           ; Regs used in _main: [wreg-fsr0h+status,2+status,0]
   226  07AF  01F7               	clrf	main@displayCounter
   227                           
   228                           ;main.c: 61: PORTB = anodeNumbers[displayCounter];
   229  07B0  0877               	movf	main@displayCounter,w
   230  07B1  3E20               	addlw	(low (_anodeNumbers| 0))& (0+255)
   231  07B2  0084               	movwf	4
   232  07B3  1383               	bcf	3,7	;select IRP bank0
   233  07B4  0800               	movf	0,w
   234  07B5  1283               	bcf	3,5	;RP0=0, select bank0
   235  07B6  1303               	bcf	3,6	;RP1=0, select bank0
   236  07B7  0086               	movwf	6	;volatile
   237                           
   238                           ;main.c: 62: TRISB = 0x00;
   239  07B8  1683               	bsf	3,5	;RP0=1, select bank1
   240  07B9  1303               	bcf	3,6	;RP1=0, select bank1
   241  07BA  0186               	clrf	6	;volatile
   242                           
   243                           ;main.c: 64: PORTC = displayCounter;
   244  07BB  0877               	movf	main@displayCounter,w
   245  07BC  1283               	bcf	3,5	;RP0=0, select bank0
   246  07BD  1303               	bcf	3,6	;RP1=0, select bank0
   247  07BE  0087               	movwf	7	;volatile
   248                           
   249                           ;main.c: 65: TRISC = 0x00;
   250  07BF  1683               	bsf	3,5	;RP0=1, select bank1
   251  07C0  1303               	bcf	3,6	;RP1=0, select bank1
   252  07C1  0187               	clrf	7	;volatile
   253                           
   254                           ;main.c: 67: PORTD = cathodeNumbers[displayCounter];
   255  07C2  0877               	movf	main@displayCounter,w
   256  07C3  3E2A               	addlw	(low (_cathodeNumbers| 0))& (0+255)
   257  07C4  0084               	movwf	4
   258  07C5  0800               	movf	0,w
   259  07C6  1283               	bcf	3,5	;RP0=0, select bank0
   260  07C7  1303               	bcf	3,6	;RP1=0, select bank0
   261  07C8  0088               	movwf	8	;volatile
   262                           
   263                           ;main.c: 68: TRISD = 0x00;
   264  07C9  1683               	bsf	3,5	;RP0=1, select bank1
   265  07CA  1303               	bcf	3,6	;RP1=0, select bank1
   266  07CB  0188               	clrf	8	;volatile
   267  07CC                     l21:	
   268                           ;main.c: 70: while(1)
   269                           
   270                           
   271                           ;main.c: 71: {
   272                           ;main.c: 72: _delay((unsigned long)((500)*(8000000/4000.0)));
   273  07CC  3006               	movlw	6
   274  07CD  00F6               	movwf	??_main+2
   275  07CE  3013               	movlw	19
   276  07CF  00F5               	movwf	??_main+1
   277  07D0  30B1               	movlw	177
   278  07D1  00F4               	movwf	??_main
   279  07D2                     u37:	
   280  07D2  0BF4               	decfsz	??_main,f
   281  07D3  2FD2               	goto	u37
   282  07D4  0BF5               	decfsz	??_main+1,f
   283  07D5  2FD2               	goto	u37
   284  07D6  0BF6               	decfsz	??_main+2,f
   285  07D7  2FD2               	goto	u37
   286  07D8  2FD9               	nop2
   287                           
   288                           ;main.c: 74: displayCounter++;
   289  07D9  3001               	movlw	1
   290  07DA  00F4               	movwf	??_main
   291  07DB  0874               	movf	??_main,w
   292  07DC  07F7               	addwf	main@displayCounter,f
   293                           
   294                           ;main.c: 75: if (displayCounter >= MaxNumber)
   295  07DD  300A               	movlw	10
   296  07DE  0277               	subwf	main@displayCounter,w
   297  07DF  1803               	btfsc	3,0
   298                           
   299                           ;main.c: 76: {
   300                           ;main.c: 77: displayCounter = Zero;
   301  07E0  01F7               	clrf	main@displayCounter
   302                           
   303                           ;main.c: 78: }
   304                           ;main.c: 80: PORTB = anodeNumbers[displayCounter];
   305  07E1  0877               	movf	main@displayCounter,w
   306  07E2  3E20               	addlw	(low (_anodeNumbers| 0))& (0+255)
   307  07E3  0084               	movwf	4
   308  07E4  1383               	bcf	3,7	;select IRP bank0
   309  07E5  0800               	movf	0,w
   310  07E6  1283               	bcf	3,5	;RP0=0, select bank0
   311  07E7  1303               	bcf	3,6	;RP1=0, select bank0
   312  07E8  0086               	movwf	6	;volatile
   313                           
   314                           ;main.c: 81: PORTD = cathodeNumbers[displayCounter];
   315  07E9  0877               	movf	main@displayCounter,w
   316  07EA  3E2A               	addlw	(low (_cathodeNumbers| 0))& (0+255)
   317  07EB  0084               	movwf	4
   318  07EC  0800               	movf	0,w
   319  07ED  0088               	movwf	8	;volatile
   320                           
   321                           ;main.c: 82: PORTC = displayCounter;
   322  07EE  0877               	movf	main@displayCounter,w
   323  07EF  0087               	movwf	7	;volatile
   324  07F0  2FCC               	goto	l21
   325  07F1                     __end_of_main:	
   326  007E                     btemp	set	126	;btemp
   327  007E                     wtemp	set	126
   328  007E                     wtemp0	set	126
   329  0080                     wtemp1	set	128
   330  0082                     wtemp2	set	130
   331  0084                     wtemp3	set	132
   332  0086                     wtemp4	set	134
   333  0088                     wtemp5	set	136
   334  007F                     wtemp6	set	127
   335  007E                     ttemp	set	126
   336  007E                     ttemp0	set	126
   337  0081                     ttemp1	set	129
   338  0084                     ttemp2	set	132
   339  0087                     ttemp3	set	135
   340  007F                     ttemp4	set	127
   341  007E                     ltemp	set	126
   342  007E                     ltemp0	set	126
   343  0082                     ltemp1	set	130
   344  0086                     ltemp2	set	134
   345  0080                     ltemp3	set	128


Data Sizes:
    Strings     0
    Constant    0
    Data        20
    BSS         0
    Persistent  0
    Stack       0

Auto Spaces:
    Space          Size  Autos    Used
    COMMON           14      8       8
    BANK0            80      0      20
    BANK1            80      0       0
    BANK3            96      0       0
    BANK2            96      0       0

Pointer List with Targets:

    None.

Critical Paths under _main in COMMON

    None.

Critical Paths under _main in BANK0

    None.

Critical Paths under _main in BANK1

    None.

Critical Paths under _main in BANK3

    None.

Critical Paths under _main in BANK2

    None.

Call Graph Tables:

 ---------------------------------------------------------------------------------
 (Depth) Function   	        Calls       Base Space   Used Autos Params    Refs
 ---------------------------------------------------------------------------------
 (0) _main                                                 8     4      4     157
                                              0 COMMON     8     4      4
 ---------------------------------------------------------------------------------
 Estimated maximum stack depth 0
 ---------------------------------------------------------------------------------

 Call Graph Graphs:

 _main (ROOT)

 Address spaces:
Name               Size   Autos  Total    Cost      Usage
BANK3               60      0       0       9        0.0%
BITBANK3            60      0       0       8        0.0%
SFR3                 0      0       0       4        0.0%
BITSFR3              0      0       0       4        0.0%
BANK2               60      0       0      11        0.0%
BITBANK2            60      0       0      10        0.0%
SFR2                 0      0       0       5        0.0%
BITSFR2              0      0       0       5        0.0%
BANK1               50      0       0       7        0.0%
BITBANK1            50      0       0       6        0.0%
SFR1                 0      0       0       2        0.0%
BITSFR1              0      0       0       2        0.0%
BANK0               50      0      14       5       25.0%
BITBANK0            50      0       0       4        0.0%
SFR0                 0      0       0       1        0.0%
BITSFR0              0      0       0       1        0.0%
COMMON               E      8       8       1       57.1%
BITCOMMON            E      0       0       0        0.0%
CODE                 0      0       0       0        0.0%
DATA                 0      0      1C      12        0.0%
ABS                  0      0      1C       3        0.0%
NULL                 0      0       0       0        0.0%
STACK                0      0       0       2        0.0%
EEDATA             100      0       0       0        0.0%


Microchip Technology PIC Macro Assembler V1.34 build -361300703 
Symbol Table                                                                                   Sat Jul 30 22:09:46 2016

                      pc 0002              __CFG_CP$OFF 0000                       l21 07CC  
                     u37 07D2                       fsr 0004             __CFG_CPD$OFF 0000  
                    fsr0 0004                      indf 0000             __CFG_FOSC$XT 0000  
           __CFG_LVP$OFF 0000             __CFG_WRT$OFF 0000                     _main 07AF  
                   btemp 007E                     ltemp 007E                     start 0000  
                   ttemp 007E                     wtemp 007E                    ?_main 0070  
          __CFG_WDTE$OFF 0000                    _PORTB 0006                    _PORTC 0007  
                  _PORTD 0008                    _TRISB 0086                    _TRISC 0087  
                  _TRISD 0088           __CFG_BOREN$OFF 0000                    pclath 000A  
                  ltemp0 007E                    ltemp1 0082                    ltemp2 0086  
                  ltemp3 0080                    ttemp0 007E                    ttemp1 0081  
                  ttemp2 0084                    ttemp3 0087                    ttemp4 007F  
                  status 0003                    wtemp0 007E                    wtemp1 0080  
                  wtemp2 0082                    wtemp3 0084                    wtemp4 0086  
                  wtemp5 0088                    wtemp6 007F          __initialization 07F1  
           __end_of_main 07F1                   ??_main 0074           _cathodeNumbers 002A  
         __CFG_PWRTE$OFF 0000  __end_of__initialization 07FC           __pcstackCOMMON 0070  
           __pidataBANK0 079B               __pmaintext 07AF             _anodeNumbers 0020  
     main@displayCounter 0077     end_of_initialization 07FC      start_initialization 07F1  
             init_fetch0 078A              __pdataBANK0 0020                ___latbits 0002  
          __size_of_main 0042                 main@argc 0070                 main@argv 0072  
               init_ram0 078E  
