

Microchip Technology PIC LITE Macro Assembler V1.34 build -361300703 
                                                                                               Mon Jun 22 22:51:07 2015

Microchip Technology Omniscient Code Generator (Lite mode) build 201502162209
     1                           	processor	16F877A
     2                           	opt	pw 120
     3                           	opt	lm
     4                           	psect	maintext,global,class=CODE,split=1,delta=2
     5                           	psect	cinit,global,class=CODE,merge=1,delta=2
     6                           	psect	cstackCOMMON,global,class=COMMON,space=1,delta=1
     7                           	dabs	1,0x7E,2
     8  0000                     	;# 
     9  0001                     	;# 
    10  0002                     	;# 
    11  0003                     	;# 
    12  0004                     	;# 
    13  0005                     	;# 
    14  0006                     	;# 
    15  0007                     	;# 
    16  0008                     	;# 
    17  0009                     	;# 
    18  000A                     	;# 
    19  000B                     	;# 
    20  000C                     	;# 
    21  000D                     	;# 
    22  000E                     	;# 
    23  000E                     	;# 
    24  000F                     	;# 
    25  0010                     	;# 
    26  0011                     	;# 
    27  0012                     	;# 
    28  0013                     	;# 
    29  0014                     	;# 
    30  0015                     	;# 
    31  0015                     	;# 
    32  0016                     	;# 
    33  0017                     	;# 
    34  0018                     	;# 
    35  0019                     	;# 
    36  001A                     	;# 
    37  001B                     	;# 
    38  001B                     	;# 
    39  001C                     	;# 
    40  001D                     	;# 
    41  001E                     	;# 
    42  001F                     	;# 
    43  0081                     	;# 
    44  0085                     	;# 
    45  0086                     	;# 
    46  0087                     	;# 
    47  0088                     	;# 
    48  0089                     	;# 
    49  008C                     	;# 
    50  008D                     	;# 
    51  008E                     	;# 
    52  0091                     	;# 
    53  0092                     	;# 
    54  0093                     	;# 
    55  0094                     	;# 
    56  0098                     	;# 
    57  0099                     	;# 
    58  009C                     	;# 
    59  009D                     	;# 
    60  009E                     	;# 
    61  009F                     	;# 
    62  010C                     	;# 
    63  010D                     	;# 
    64  010E                     	;# 
    65  010F                     	;# 
    66  018C                     	;# 
    67  018D                     	;# 
    68                           
    69                           	psect	maintext
    70  07F9                     __pmaintext:	
    71                           ; #config settings
    72                           
    73                           
    74                           ;psect for function _main
    75  0000                     
    76                           ; 0 bytes @ 0x4
    77 ;;
    78 ;;Main: autosize = 0, tempsize = 0, incstack = 0, save=0
    79 ;;
    80 ;; *************** function _main *****************
    81 ;; Defined at:
    82 ;;		line 15 in file "main.c"
    83 ;; Parameters:    Size  Location     Type
    84 ;;  argc            2    0[COMMON] int 
    85 ;;  argv            2    2[COMMON] PTR PTR unsigned char 
    86 ;; Auto vars:     Size  Location     Type
    87 ;;		None
    88 ;; Return value:  Size  Location     Type
    89 ;;                  2    0[COMMON] int 
    90 ;; Registers used:
    91 ;;		None
    92 ;; Tracked objects:
    93 ;;		On entry : B00/0
    94 ;;		On exit  : 0/0
    95 ;;		Unchanged: 0/0
    96 ;; Data sizes:     COMMON   BANK0   BANK1   BANK3   BANK2
    97 ;;      Params:         4       0       0       0       0
    98 ;;      Locals:         0       0       0       0       0
    99 ;;      Temps:          0       0       0       0       0
   100 ;;      Totals:         4       0       0       0       0
   101 ;;Total ram usage:        4 bytes
   102 ;; This function calls:
   103 ;;		Nothing
   104 ;; This function is called by:
   105 ;;		Startup code after reset
   106 ;; This function uses a non-reentrant model
   107 ;;
   108  07F9                     _main:	
   109                           
   110                           ;main.c: 17: return (0);
   111                           ;	Return value of _main is never used
   112                           
   113                           ;incstack = 0
   114                           ; Regs used in _main: []
   115  07F9  120A  118A  2800   	ljmp	start
   116  07FC                     __end_of_main:	
   117  007E                     btemp	set	126	;btemp
   118  007E                     wtemp	set	126
   119  007E                     wtemp0	set	126
   120  0080                     wtemp1	set	128
   121  0082                     wtemp2	set	130
   122  0084                     wtemp3	set	132
   123  0086                     wtemp4	set	134
   124  0088                     wtemp5	set	136
   125  007F                     wtemp6	set	127
   126  007E                     ttemp	set	126
   127  007E                     ttemp0	set	126
   128  0081                     ttemp1	set	129
   129  0084                     ttemp2	set	132
   130  0087                     ttemp3	set	135
   131  007F                     ttemp4	set	127
   132  007E                     ltemp	set	126
   133  007E                     ltemp0	set	126
   134  0082                     ltemp1	set	130
   135  0086                     ltemp2	set	134
   136  0080                     ltemp3	set	128
   137                           
   138                           	psect	cinit
   139  07FC                     start_initialization:	
   140  07FC                     __initialization:	
   141  07FC                     end_of_initialization:	
   142                           ;End of C runtime variable initialization code
   143                           
   144  07FC                     __end_of__initialization:	
   145  07FC  0183               	clrf	3
   146  07FD  120A  118A  2FF9   	ljmp	_main	;jump to C main() function
   147                           
   148                           	psect	cstackCOMMON
   149  0070                     __pcstackCOMMON:	
   150  0070                     ?_main:	
   151  0070                     main@argc:	
   152                           ; 2 bytes @ 0x0
   153                           
   154                           
   155                           ; 2 bytes @ 0x0
   156  0070                     	ds	2
   157  0072                     main@argv:	
   158                           
   159                           ; 2 bytes @ 0x2
   160  0072                     	ds	2
   161  0074                     ??_main:	


Data Sizes:
    Strings     0
    Constant    0
    Data        0
    BSS         0
    Persistent  0
    Stack       0

Auto Spaces:
    Space          Size  Autos    Used
    COMMON           14      4       4
    BANK0            80      0       0
    BANK1            80      0       0
    BANK3            96      0       0
    BANK2            96      0       0

Pointer List with Targets:

    None.

Critical Paths under _main in COMMON

    None.

Critical Paths under _main in BANK0

    None.

Critical Paths under _main in BANK1

    None.

Critical Paths under _main in BANK3

    None.

Critical Paths under _main in BANK2

    None.

Call Graph Tables:

 ---------------------------------------------------------------------------------
 (Depth) Function   	        Calls       Base Space   Used Autos Params    Refs
 ---------------------------------------------------------------------------------
 (0) _main                                                 4     0      4       0
                                              0 COMMON     4     0      4
 ---------------------------------------------------------------------------------
 Estimated maximum stack depth 0
 ---------------------------------------------------------------------------------

 Call Graph Graphs:

 _main (ROOT)

 Address spaces:
Name               Size   Autos  Total    Cost      Usage
BITCOMMON            E      0       0       0        0.0%
EEDATA             100      0       0       0        0.0%
NULL                 0      0       0       0        0.0%
CODE                 0      0       0       0        0.0%
COMMON               E      4       4       1       28.6%
BITSFR0              0      0       0       1        0.0%
SFR0                 0      0       0       1        0.0%
BITSFR1              0      0       0       2        0.0%
SFR1                 0      0       0       2        0.0%
STACK                0      0       0       2        0.0%
ABS                  0      0       0       3        0.0%
BITBANK0            50      0       0       4        0.0%
BITSFR3              0      0       0       4        0.0%
SFR3                 0      0       0       4        0.0%
BANK0               50      0       0       5        0.0%
BITSFR2              0      0       0       5        0.0%
SFR2                 0      0       0       5        0.0%
BITBANK1            50      0       0       6        0.0%
BANK1               50      0       0       7        0.0%
BITBANK3            60      0       0       8        0.0%
BANK3               60      0       0       9        0.0%
BITBANK2            60      0       0      10        0.0%
BANK2               60      0       0      11        0.0%
DATA                 0      0       0      12        0.0%


Microchip Technology PIC Macro Assembler V1.34 build -361300703 
Symbol Table                                                                                   Mon Jun 22 22:51:07 2015

            __CFG_CP$OFF 0000              __CFG_LVP$ON 0000             __CFG_CPD$OFF 0000  
           __CFG_FOSC$LP 0000             __CFG_WRT$OFF 0000                     _main 07F9  
                   btemp 007E                     ltemp 007E                     start 0000  
                   ttemp 007E                     wtemp 007E                    ?_main 0070  
          __CFG_WDTE$OFF 0000           __CFG_BOREN$OFF 0000                    ltemp0 007E  
                  ltemp1 0082                    ltemp2 0086                    ltemp3 0080  
                  ttemp0 007E                    ttemp1 0081                    ttemp2 0084  
                  ttemp3 0087                    ttemp4 007F                    status 0003  
                  wtemp0 007E                    wtemp1 0080                    wtemp2 0082  
                  wtemp3 0084                    wtemp4 0086                    wtemp5 0088  
                  wtemp6 007F          __initialization 07FC             __end_of_main 07FC  
                 ??_main 0074           __CFG_PWRTE$OFF 0000  __end_of__initialization 07FC  
         __pcstackCOMMON 0070               __pmaintext 07F9     end_of_initialization 07FC  
    start_initialization 07FC                ___latbits 0002            __size_of_main 0003  
               main@argc 0070                 main@argv 0072  
