

Microchip Technology PIC LITE Macro Assembler V1.34 build -361300703 
                                                                                               Tue Jun 23 21:51:44 2015

Microchip Technology Omniscient Code Generator (Lite mode) build 201502162209
     1                           	processor	16F877A
     2                           	opt	pw 120
     3                           	opt	lm
     4                           	psect	maintext,global,class=CODE,split=1,delta=2
     5                           	psect	cinit,global,class=CODE,merge=1,delta=2
     6                           	psect	cstackCOMMON,global,class=COMMON,space=1,delta=1
     7                           	dabs	1,0x7E,2
     8  0000                     	;# 
     9  0001                     	;# 
    10  0002                     	;# 
    11  0003                     	;# 
    12  0004                     	;# 
    13  0005                     	;# 
    14  0006                     	;# 
    15  0007                     	;# 
    16  0008                     	;# 
    17  0009                     	;# 
    18  000A                     	;# 
    19  000B                     	;# 
    20  000C                     	;# 
    21  000D                     	;# 
    22  000E                     	;# 
    23  000E                     	;# 
    24  000F                     	;# 
    25  0010                     	;# 
    26  0011                     	;# 
    27  0012                     	;# 
    28  0013                     	;# 
    29  0014                     	;# 
    30  0015                     	;# 
    31  0015                     	;# 
    32  0016                     	;# 
    33  0017                     	;# 
    34  0018                     	;# 
    35  0019                     	;# 
    36  001A                     	;# 
    37  001B                     	;# 
    38  001B                     	;# 
    39  001C                     	;# 
    40  001D                     	;# 
    41  001E                     	;# 
    42  001F                     	;# 
    43  0081                     	;# 
    44  0085                     	;# 
    45  0086                     	;# 
    46  0087                     	;# 
    47  0088                     	;# 
    48  0089                     	;# 
    49  008C                     	;# 
    50  008D                     	;# 
    51  008E                     	;# 
    52  0091                     	;# 
    53  0092                     	;# 
    54  0093                     	;# 
    55  0094                     	;# 
    56  0098                     	;# 
    57  0099                     	;# 
    58  009C                     	;# 
    59  009D                     	;# 
    60  009E                     	;# 
    61  009F                     	;# 
    62  010C                     	;# 
    63  010D                     	;# 
    64  010E                     	;# 
    65  010F                     	;# 
    66  018C                     	;# 
    67  018D                     	;# 
    68  0006                     _PORTB	set	6
    69  0086                     _TRISB	set	134
    70                           
    71                           	psect	maintext
    72  07DC                     __pmaintext:	
    73                           ; #config settings
    74                           
    75                           
    76                           ;psect for function _main
    77  0000                     
    78 ;;
    79 ;;Main: autosize = 0, tempsize = 3, incstack = 0, save=0
    80 ;;
    81 ;; *************** function _main *****************
    82 ;; Defined at:
    83 ;;		line 6 in file "main.c"
    84 ;; Parameters:    Size  Location     Type
    85 ;;  argc            2    0[COMMON] int 
    86 ;;  argv            2    2[COMMON] PTR PTR unsigned char 
    87 ;; Auto vars:     Size  Location     Type
    88 ;;  nextPattern     2    7[COMMON] int 
    89 ;; Return value:  Size  Location     Type
    90 ;;                  2    0[COMMON] int 
    91 ;; Registers used:
    92 ;;		wreg, status,2
    93 ;; Tracked objects:
    94 ;;		On entry : B00/0
    95 ;;		On exit  : 0/0
    96 ;;		Unchanged: 0/0
    97 ;; Data sizes:     COMMON   BANK0   BANK1   BANK3   BANK2
    98 ;;      Params:         4       0       0       0       0
    99 ;;      Locals:         2       0       0       0       0
   100 ;;      Temps:          3       0       0       0       0
   101 ;;      Totals:         9       0       0       0       0
   102 ;;Total ram usage:        9 bytes
   103 ;; This function calls:
   104 ;;		Nothing
   105 ;; This function is called by:
   106 ;;		Startup code after reset
   107 ;; This function uses a non-reentrant model
   108 ;;
   109  07DC                     _main:	
   110                           
   111                           ;main.c: 8: TRISB = 0x00;
   112                           
   113                           ;incstack = 0
   114                           ; Regs used in _main: [wreg+status,2]
   115  07DC  1683               	bsf	3,5	;RP0=1, select bank1
   116  07DD  1303               	bcf	3,6	;RP1=0, select bank1
   117  07DE  0186               	clrf	6	;volatile
   118                           
   119                           ;main.c: 9: PORTB = 0x00;
   120  07DF  1283               	bcf	3,5	;RP0=0, select bank0
   121  07E0  1303               	bcf	3,6	;RP1=0, select bank0
   122  07E1  0186               	clrf	6	;volatile
   123                           
   124                           ;main.c: 12: int nextPattern = 0b10101010;
   125  07E2  30AA               	movlw	170
   126  07E3  00F7               	movwf	main@nextPattern
   127  07E4  3000               	movlw	0
   128  07E5  00F8               	movwf	main@nextPattern+1
   129  07E6                     l486:	
   130                           ;main.c: 14: while(1)
   131                           
   132                           
   133                           ;main.c: 15: {
   134                           ;main.c: 16: PORTB = nextPattern;
   135  07E6  0877               	movf	main@nextPattern,w
   136  07E7  1283               	bcf	3,5	;RP0=0, select bank0
   137  07E8  1303               	bcf	3,6	;RP1=0, select bank0
   138  07E9  0086               	movwf	6	;volatile
   139                           
   140                           ;main.c: 18: nextPattern ^= 0xFF;
   141  07EA  30FF               	movlw	255
   142  07EB  06F7               	xorwf	main@nextPattern,f
   143  07EC  3000               	movlw	0
   144  07ED  06F8               	xorwf	main@nextPattern+1,f
   145                           
   146                           ;main.c: 19: _delay((unsigned long)((250)*(4000000/4000.0)));
   147  07EE  3002               	movlw	2
   148  07EF  00F6               	movwf	??_main+2
   149  07F0  3045               	movlw	69
   150  07F1  00F5               	movwf	??_main+1
   151  07F2  30A9               	movlw	169
   152  07F3  00F4               	movwf	??_main
   153  07F4                     u17:	
   154  07F4  0BF4               	decfsz	??_main,f
   155  07F5  2FF4               	goto	u17
   156  07F6  0BF5               	decfsz	??_main+1,f
   157  07F7  2FF4               	goto	u17
   158  07F8  0BF6               	decfsz	??_main+2,f
   159  07F9  2FF4               	goto	u17
   160  07FA  2FFB               	nop2
   161  07FB  2FE6               	goto	l486
   162  07FC                     __end_of_main:	
   163                           ;main.c: 20: }
   164                           ;main.c: 53: return 0;
   165                           ;	Return value of _main is never used
   166                           
   167  007E                     btemp	set	126	;btemp
   168  007E                     wtemp	set	126
   169  007E                     wtemp0	set	126
   170  0080                     wtemp1	set	128
   171  0082                     wtemp2	set	130
   172  0084                     wtemp3	set	132
   173  0086                     wtemp4	set	134
   174  0088                     wtemp5	set	136
   175  007F                     wtemp6	set	127
   176  007E                     ttemp	set	126
   177  007E                     ttemp0	set	126
   178  0081                     ttemp1	set	129
   179  0084                     ttemp2	set	132
   180  0087                     ttemp3	set	135
   181  007F                     ttemp4	set	127
   182  007E                     ltemp	set	126
   183  007E                     ltemp0	set	126
   184  0082                     ltemp1	set	130
   185  0086                     ltemp2	set	134
   186  0080                     ltemp3	set	128
   187                           
   188                           	psect	cinit
   189  07FC                     start_initialization:	
   190  07FC                     __initialization:	
   191  07FC                     end_of_initialization:	
   192                           ;End of C runtime variable initialization code
   193                           
   194  07FC                     __end_of__initialization:	
   195  07FC  0183               	clrf	3
   196  07FD  120A  118A  2FDC   	ljmp	_main	;jump to C main() function
   197                           
   198                           	psect	cstackCOMMON
   199  0070                     __pcstackCOMMON:	
   200  0070                     ?_main:	
   201  0070                     main@argc:	
   202                           ; 2 bytes @ 0x0
   203                           
   204                           
   205                           ; 2 bytes @ 0x0
   206  0070                     	ds	2
   207  0072                     main@argv:	
   208                           
   209                           ; 2 bytes @ 0x2
   210  0072                     	ds	2
   211  0074                     ??_main:	
   212                           
   213                           ; 0 bytes @ 0x4
   214  0074                     	ds	3
   215  0077                     main@nextPattern:	
   216                           
   217                           ; 2 bytes @ 0x7
   218  0077                     	ds	2


Data Sizes:
    Strings     0
    Constant    0
    Data        0
    BSS         0
    Persistent  0
    Stack       0

Auto Spaces:
    Space          Size  Autos    Used
    COMMON           14      9       9
    BANK0            80      0       0
    BANK1            80      0       0
    BANK3            96      0       0
    BANK2            96      0       0

Pointer List with Targets:

    None.

Critical Paths under _main in COMMON

    None.

Critical Paths under _main in BANK0

    None.

Critical Paths under _main in BANK1

    None.

Critical Paths under _main in BANK3

    None.

Critical Paths under _main in BANK2

    None.

Call Graph Tables:

 ---------------------------------------------------------------------------------
 (Depth) Function   	        Calls       Base Space   Used Autos Params    Refs
 ---------------------------------------------------------------------------------
 (0) _main                                                 9     5      4      24
                                              0 COMMON     9     5      4
 ---------------------------------------------------------------------------------
 Estimated maximum stack depth 0
 ---------------------------------------------------------------------------------

 Call Graph Graphs:

 _main (ROOT)

 Address spaces:
Name               Size   Autos  Total    Cost      Usage
BITCOMMON            E      0       0       0        0.0%
EEDATA             100      0       0       0        0.0%
NULL                 0      0       0       0        0.0%
CODE                 0      0       0       0        0.0%
COMMON               E      9       9       1       64.3%
BITSFR0              0      0       0       1        0.0%
SFR0                 0      0       0       1        0.0%
BITSFR1              0      0       0       2        0.0%
SFR1                 0      0       0       2        0.0%
STACK                0      0       0       2        0.0%
ABS                  0      0       0       3        0.0%
BITBANK0            50      0       0       4        0.0%
BITSFR3              0      0       0       4        0.0%
SFR3                 0      0       0       4        0.0%
BANK0               50      0       0       5        0.0%
BITSFR2              0      0       0       5        0.0%
SFR2                 0      0       0       5        0.0%
BITBANK1            50      0       0       6        0.0%
BANK1               50      0       0       7        0.0%
BITBANK3            60      0       0       8        0.0%
BANK3               60      0       0       9        0.0%
BITBANK2            60      0       0      10        0.0%
BANK2               60      0       0      11        0.0%
DATA                 0      0       0      12        0.0%


Microchip Technology PIC Macro Assembler V1.34 build -361300703 
Symbol Table                                                                                   Tue Jun 23 21:51:44 2015

            __CFG_CP$OFF 0000                       u17 07F4              __CFG_LVP$ON 0000  
                    l486 07E6             __CFG_CPD$OFF 0000             __CFG_FOSC$LP 0000  
           __CFG_WRT$OFF 0000                     _main 07DC                     btemp 007E  
                   ltemp 007E                     start 0000                     ttemp 007E  
                   wtemp 007E                    ?_main 0070            __CFG_WDTE$OFF 0000  
                  _PORTB 0006                    _TRISB 0086           __CFG_BOREN$OFF 0000  
                  ltemp0 007E                    ltemp1 0082                    ltemp2 0086  
                  ltemp3 0080                    ttemp0 007E                    ttemp1 0081  
                  ttemp2 0084                    ttemp3 0087                    ttemp4 007F  
                  status 0003                    wtemp0 007E                    wtemp1 0080  
                  wtemp2 0082                    wtemp3 0084                    wtemp4 0086  
                  wtemp5 0088                    wtemp6 007F          __initialization 07FC  
           __end_of_main 07FC                   ??_main 0074           __CFG_PWRTE$OFF 0000  
__end_of__initialization 07FC           __pcstackCOMMON 0070               __pmaintext 07DC  
   end_of_initialization 07FC      start_initialization 07FC                ___latbits 0002  
        main@nextPattern 0077            __size_of_main 0020                 main@argc 0070  
               main@argv 0072  
